{
  "stats": {
    "suites": 1,
    "tests": 37,
    "passes": 37,
    "pending": 0,
    "failures": 0,
    "start": "2025-02-21T13:14:57.895Z",
    "end": "2025-02-21T13:16:26.134Z",
    "duration": 88239,
    "testsRegistered": 37,
    "passPercent": 100,
    "pendingPercent": 0,
    "other": 0,
    "hasOther": false,
    "skipped": 0,
    "hasSkipped": false
  },
  "results": [
    {
      "uuid": "9143665e-5e05-4774-9f02-ee0174ee573f",
      "title": "",
      "fullFile": "cypress\\e2e\\HW.cy.js",
      "file": "cypress\\e2e\\HW.cy.js",
      "beforeHooks": [],
      "afterHooks": [],
      "tests": [],
      "suites": [
        {
          "uuid": "7d3181b7-b8f7-4882-965c-00e2e64cbf63",
          "title": "Add car and expenses",
          "fullFile": "",
          "file": "",
          "beforeHooks": [],
          "afterHooks": [],
          "tests": [
            {
              "title": "Button \"Add car\" is visible",
              "fullTitle": "Add car and expenses Button \"Add car\" is visible",
              "timedOut": null,
              "duration": 3614,
              "state": "passed",
              "speed": "fast",
              "pass": true,
              "fail": false,
              "pending": false,
              "context": null,
              "code": "cy.get('.panel-page_heading > .btn').as('addCarButton');\ncy.get('@addCarButton').should('be.visible');",
              "err": {},
              "uuid": "e91c4b3a-6f33-430c-afe2-061af4486102",
              "parentUUID": "7d3181b7-b8f7-4882-965c-00e2e64cbf63",
              "isHook": false,
              "skipped": false
            },
            {
              "title": "Modal window \"Add car\" is visible",
              "fullTitle": "Add car and expenses Modal window \"Add car\" is visible",
              "timedOut": null,
              "duration": 2201,
              "state": "passed",
              "speed": "fast",
              "pass": true,
              "fail": false,
              "pending": false,
              "context": null,
              "code": "cy.get('.panel-page_heading > .btn').as('addCarButton');\ncy.get('@addCarButton').click();\ncy.get('.modal-content').should('be.visible');",
              "err": {},
              "uuid": "af15ccc6-4a5b-4188-ae2e-a6ddb257daef",
              "parentUUID": "7d3181b7-b8f7-4882-965c-00e2e64cbf63",
              "isHook": false,
              "skipped": false
            },
            {
              "title": "Drop-down menu \"brand\" has all options",
              "fullTitle": "Add car and expenses Drop-down menu \"brand\" has all options",
              "timedOut": null,
              "duration": 1955,
              "state": "passed",
              "speed": "fast",
              "pass": true,
              "fail": false,
              "pending": false,
              "context": null,
              "code": "cy.get('.panel-page_heading > .btn').as('addCarButton');\ncy.get('@addCarButton').click();\ncy.get('#addCarBrand').should('contain', 'Audi').and('contain', 'BMW').and('contain', 'Ford').and('contain', 'Porsche').and('contain', 'Fiat');",
              "err": {},
              "uuid": "02734c77-de20-4223-9c24-7cc15a24351b",
              "parentUUID": "7d3181b7-b8f7-4882-965c-00e2e64cbf63",
              "isHook": false,
              "skipped": false
            },
            {
              "title": "Drop-down menu \"models\" has all options in \"Audi\"",
              "fullTitle": "Add car and expenses Drop-down menu \"models\" has all options in \"Audi\"",
              "timedOut": null,
              "duration": 2190,
              "state": "passed",
              "speed": "fast",
              "pass": true,
              "fail": false,
              "pending": false,
              "context": null,
              "code": "cy.get('.panel-page_heading > .btn').as('addCarButton');\ncy.get('@addCarButton').click();\ncy.get('#addCarBrand').select('Audi');\ncy.get('#addCarModel').should('contain', 'TT').and('contain', 'R8').and('contain', 'Q7').and('contain', 'A6').and('contain', 'A8');",
              "err": {},
              "uuid": "b42218f2-9394-4a61-bd6d-8acd0a29ab12",
              "parentUUID": "7d3181b7-b8f7-4882-965c-00e2e64cbf63",
              "isHook": false,
              "skipped": false
            },
            {
              "title": "Drop-down menu \"models\" has all options in \"BMW\"",
              "fullTitle": "Add car and expenses Drop-down menu \"models\" has all options in \"BMW\"",
              "timedOut": null,
              "duration": 2156,
              "state": "passed",
              "speed": "fast",
              "pass": true,
              "fail": false,
              "pending": false,
              "context": null,
              "code": "cy.get('.panel-page_heading > .btn').as('addCarButton');\ncy.get('@addCarButton').click();\ncy.get('#addCarBrand').select('BMW');\ncy.get('#addCarModel').should('contain', '3').and('contain', '5').and('contain', 'X5').and('contain', 'X6').and('contain', 'Z3');",
              "err": {},
              "uuid": "46239a4e-3386-4dfe-bd5d-e23ae429dcc1",
              "parentUUID": "7d3181b7-b8f7-4882-965c-00e2e64cbf63",
              "isHook": false,
              "skipped": false
            },
            {
              "title": "Drop-down menu \"models\" has all options in \"Ford\"",
              "fullTitle": "Add car and expenses Drop-down menu \"models\" has all options in \"Ford\"",
              "timedOut": null,
              "duration": 2554,
              "state": "passed",
              "speed": "fast",
              "pass": true,
              "fail": false,
              "pending": false,
              "context": null,
              "code": "cy.get('.panel-page_heading > .btn').as('addCarButton');\ncy.get('@addCarButton').click();\ncy.get('#addCarBrand').select('Ford');\ncy.get('#addCarModel').should('contain', 'Fiesta').and('contain', 'Focus').and('contain', 'Fusion').and('contain', 'Mondeo').and('contain', 'Sierra');",
              "err": {},
              "uuid": "4b7fd34c-c1d1-465b-b8bc-a082a4cfb842",
              "parentUUID": "7d3181b7-b8f7-4882-965c-00e2e64cbf63",
              "isHook": false,
              "skipped": false
            },
            {
              "title": "Drop-down menu \"models\" has all options in \"Porsche\"",
              "fullTitle": "Add car and expenses Drop-down menu \"models\" has all options in \"Porsche\"",
              "timedOut": null,
              "duration": 2121,
              "state": "passed",
              "speed": "fast",
              "pass": true,
              "fail": false,
              "pending": false,
              "context": null,
              "code": "cy.get('.panel-page_heading > .btn').as('addCarButton');\ncy.get('@addCarButton').click();\ncy.get('#addCarBrand').select('Porsche');\ncy.get('#addCarModel').should('contain', '911').and('contain', 'Cayenne').and('contain', 'Panamera');",
              "err": {},
              "uuid": "e2e77e46-fbe8-47ea-b996-7371fe30c34e",
              "parentUUID": "7d3181b7-b8f7-4882-965c-00e2e64cbf63",
              "isHook": false,
              "skipped": false
            },
            {
              "title": "Drop-down menu \"models\" has all options in \"Fiat\"",
              "fullTitle": "Add car and expenses Drop-down menu \"models\" has all options in \"Fiat\"",
              "timedOut": null,
              "duration": 2443,
              "state": "passed",
              "speed": "fast",
              "pass": true,
              "fail": false,
              "pending": false,
              "context": null,
              "code": "cy.get('.panel-page_heading > .btn').as('addCarButton');\ncy.get('@addCarButton').click();\ncy.get('#addCarBrand').select('Fiat');\ncy.get('#addCarModel').should('contain', 'Palio').and('contain', 'Ducato').and('contain', 'Panda').and('contain', 'Punto').and('contain', 'Scudo');",
              "err": {},
              "uuid": "180f7e59-9548-4c58-a583-8cbdf332cbcc",
              "parentUUID": "7d3181b7-b8f7-4882-965c-00e2e64cbf63",
              "isHook": false,
              "skipped": false
            },
            {
              "title": "Modal window has input \"Mileage\"",
              "fullTitle": "Add car and expenses Modal window has input \"Mileage\"",
              "timedOut": null,
              "duration": 1972,
              "state": "passed",
              "speed": "fast",
              "pass": true,
              "fail": false,
              "pending": false,
              "context": null,
              "code": "cy.get('.panel-page_heading > .btn').as('addCarButton');\ncy.get('@addCarButton').click();\ncy.get('#addCarMileage').should('be.visible');",
              "err": {},
              "uuid": "b64617a2-f4a2-442c-b4da-5ae2e64b35a6",
              "parentUUID": "7d3181b7-b8f7-4882-965c-00e2e64cbf63",
              "isHook": false,
              "skipped": false
            },
            {
              "title": "Modal window has button \"X\"",
              "fullTitle": "Add car and expenses Modal window has button \"X\"",
              "timedOut": null,
              "duration": 2197,
              "state": "passed",
              "speed": "fast",
              "pass": true,
              "fail": false,
              "pending": false,
              "context": null,
              "code": "cy.get('.panel-page_heading > .btn').as('addCarButton');\ncy.get('@addCarButton').click();\ncy.get('.close').should('be.visible');",
              "err": {},
              "uuid": "51854006-e5c0-425e-8f61-0305e747a2f9",
              "parentUUID": "7d3181b7-b8f7-4882-965c-00e2e64cbf63",
              "isHook": false,
              "skipped": false
            },
            {
              "title": "Modal window has button \"Cancel\"",
              "fullTitle": "Add car and expenses Modal window has button \"Cancel\"",
              "timedOut": null,
              "duration": 2224,
              "state": "passed",
              "speed": "fast",
              "pass": true,
              "fail": false,
              "pending": false,
              "context": null,
              "code": "cy.get('.panel-page_heading > .btn').as('addCarButton');\ncy.get('@addCarButton').click();\ncy.get('.close').should('be.visible');",
              "err": {},
              "uuid": "8cf48e1e-642b-468a-8db4-929065fb396e",
              "parentUUID": "7d3181b7-b8f7-4882-965c-00e2e64cbf63",
              "isHook": false,
              "skipped": false
            },
            {
              "title": "Button \"Add\" is disabled by default",
              "fullTitle": "Add car and expenses Button \"Add\" is disabled by default",
              "timedOut": null,
              "duration": 2206,
              "state": "passed",
              "speed": "fast",
              "pass": true,
              "fail": false,
              "pending": false,
              "context": null,
              "code": "cy.get('.panel-page_heading > .btn').as('addCarButton');\ncy.get('@addCarButton').click();\ncy.get('.modal-footer > .btn-primary').should('be.disabled');",
              "err": {},
              "uuid": "ece4257a-40c4-4893-8cdf-7b099c9fab11",
              "parentUUID": "7d3181b7-b8f7-4882-965c-00e2e64cbf63",
              "isHook": false,
              "skipped": false
            },
            {
              "title": "\"Miliage\" is require",
              "fullTitle": "Add car and expenses \"Miliage\" is require",
              "timedOut": null,
              "duration": 2580,
              "state": "passed",
              "speed": "fast",
              "pass": true,
              "fail": false,
              "pending": false,
              "context": null,
              "code": "cy.get('.panel-page_heading > .btn').as('addCarButton');\ncy.get('@addCarButton').click();\ncy.get('#addCarMileage').click();\ncy.get('.modal-footer').click();\ncy.get('.invalid-feedback').should('have.text', 'Mileage cost required').and('have.css', 'color', 'rgb(220, 53, 69)').and('have.css', 'border-color', 'rgb(220, 53, 69)');",
              "err": {},
              "uuid": "9b5618c0-beac-4d3f-9e5f-a54c7b626a75",
              "parentUUID": "7d3181b7-b8f7-4882-965c-00e2e64cbf63",
              "isHook": false,
              "skipped": false
            },
            {
              "title": "\"Miliage\" has error",
              "fullTitle": "Add car and expenses \"Miliage\" has error",
              "timedOut": null,
              "duration": 2491,
              "state": "passed",
              "speed": "fast",
              "pass": true,
              "fail": false,
              "pending": false,
              "context": null,
              "code": "cy.get('.panel-page_heading > .btn').as('addCarButton');\ncy.get('@addCarButton').click();\ncy.get('#addCarMileage').type('-1');\ncy.get('.modal-footer').click();\ncy.get('.invalid-feedback').should('have.text', 'Mileage has to be from 0 to 999999').and('have.css', 'color', 'rgb(220, 53, 69)').and('have.css', 'border-color', 'rgb(220, 53, 69)');",
              "err": {},
              "uuid": "fc32b0ff-d1d2-4618-be76-c7fdd5993922",
              "parentUUID": "7d3181b7-b8f7-4882-965c-00e2e64cbf63",
              "isHook": false,
              "skipped": false
            },
            {
              "title": "\"Miliage\" has error",
              "fullTitle": "Add car and expenses \"Miliage\" has error",
              "timedOut": null,
              "duration": 2233,
              "state": "passed",
              "speed": "fast",
              "pass": true,
              "fail": false,
              "pending": false,
              "context": null,
              "code": "cy.get('.panel-page_heading > .btn').as('addCarButton');\ncy.get('@addCarButton').click();\ncy.get('#addCarMileage').type('1000000');\ncy.get('.modal-footer').click();\ncy.get('.invalid-feedback').should('have.text', 'Mileage has to be from 0 to 999999').and('have.css', 'color', 'rgb(220, 53, 69)').and('have.css', 'border-color', 'rgb(220, 53, 69)');",
              "err": {},
              "uuid": "5a84ca3f-1a0c-4426-aca2-24dfa039c118",
              "parentUUID": "7d3181b7-b8f7-4882-965c-00e2e64cbf63",
              "isHook": false,
              "skipped": false
            },
            {
              "title": "Add new car",
              "fullTitle": "Add car and expenses Add new car",
              "timedOut": null,
              "duration": 2902,
              "state": "passed",
              "speed": "fast",
              "pass": true,
              "fail": false,
              "pending": false,
              "context": null,
              "code": "cy.get('.panel-page_heading > .btn').as('addCarButton');\ncy.get('@addCarButton').click();\ncy.get('#addCarBrand').select('BMW');\ncy.get('#addCarModel').select('X5');\ncy.get('#addCarMileage').type('10');\ncy.get('.modal-footer > .btn-primary').click();\ncy.get('.car-list').should('contain', 'BMW');",
              "err": {},
              "uuid": "8aa8253b-3318-4bd7-9ff4-5e74d1eadae2",
              "parentUUID": "7d3181b7-b8f7-4882-965c-00e2e64cbf63",
              "isHook": false,
              "skipped": false
            },
            {
              "title": "Button Add fuel expense is visible",
              "fullTitle": "Add car and expenses Button Add fuel expense is visible",
              "timedOut": null,
              "duration": 1601,
              "state": "passed",
              "speed": "fast",
              "pass": true,
              "fail": false,
              "pending": false,
              "context": null,
              "code": "cy.get(':nth-child(1) > app-car > .car > .car-heading > .car_actions > .car_add-expense').as('addFuel');\ncy.get('@addFuel').should('be.visible');",
              "err": {},
              "uuid": "6d9ab926-b04b-428f-82ec-72525d830999",
              "parentUUID": "7d3181b7-b8f7-4882-965c-00e2e64cbf63",
              "isHook": false,
              "skipped": false
            },
            {
              "title": "Modal window add an expense is visible",
              "fullTitle": "Add car and expenses Modal window add an expense is visible",
              "timedOut": null,
              "duration": 2185,
              "state": "passed",
              "speed": "fast",
              "pass": true,
              "fail": false,
              "pending": false,
              "context": null,
              "code": "cy.get(':nth-child(1) > app-car > .car > .car-heading > .car_actions > .car_add-expense').as('addFuel');\ncy.get('@addFuel').click();\ncy.get('.modal-content').should('be.visible');",
              "err": {},
              "uuid": "ce65c009-7172-4150-8472-5a11839564f9",
              "parentUUID": "7d3181b7-b8f7-4882-965c-00e2e64cbf63",
              "isHook": false,
              "skipped": false
            },
            {
              "title": "Select Vehicle is visible",
              "fullTitle": "Add car and expenses Select Vehicle is visible",
              "timedOut": null,
              "duration": 1952,
              "state": "passed",
              "speed": "fast",
              "pass": true,
              "fail": false,
              "pending": false,
              "context": null,
              "code": "cy.get(':nth-child(1) > app-car > .car > .car-heading > .car_actions > .car_add-expense').as('addFuel');\ncy.get('@addFuel').click();\ncy.get('#addExpenseCar').should('be.visible');",
              "err": {},
              "uuid": "a26ac2d7-eea2-4300-bd08-6d0f22493448",
              "parentUUID": "7d3181b7-b8f7-4882-965c-00e2e64cbf63",
              "isHook": false,
              "skipped": false
            },
            {
              "title": "Data-piker Date is visible",
              "fullTitle": "Add car and expenses Data-piker Date is visible",
              "timedOut": null,
              "duration": 2211,
              "state": "passed",
              "speed": "fast",
              "pass": true,
              "fail": false,
              "pending": false,
              "context": null,
              "code": "cy.get(':nth-child(1) > app-car > .car > .car-heading > .car_actions > .car_add-expense').as('addFuel');\ncy.get('@addFuel').click();\ncy.get('#addExpenseDate').should('be.visible');",
              "err": {},
              "uuid": "50800603-f3ad-476d-9700-1a7de8344170",
              "parentUUID": "7d3181b7-b8f7-4882-965c-00e2e64cbf63",
              "isHook": false,
              "skipped": false
            },
            {
              "title": "Mileage input is visible",
              "fullTitle": "Add car and expenses Mileage input is visible",
              "timedOut": null,
              "duration": 1962,
              "state": "passed",
              "speed": "fast",
              "pass": true,
              "fail": false,
              "pending": false,
              "context": null,
              "code": "cy.get(':nth-child(1) > app-car > .car > .car-heading > .car_actions > .car_add-expense').as('addFuel');\ncy.get('@addFuel').click();\ncy.get('#addExpenseMileage').should('be.visible');",
              "err": {},
              "uuid": "de6f193e-936a-4226-a46d-fa793abace24",
              "parentUUID": "7d3181b7-b8f7-4882-965c-00e2e64cbf63",
              "isHook": false,
              "skipped": false
            },
            {
              "title": "Number of liters input is visible",
              "fullTitle": "Add car and expenses Number of liters input is visible",
              "timedOut": null,
              "duration": 2187,
              "state": "passed",
              "speed": "fast",
              "pass": true,
              "fail": false,
              "pending": false,
              "context": null,
              "code": "cy.get(':nth-child(1) > app-car > .car > .car-heading > .car_actions > .car_add-expense').as('addFuel');\ncy.get('@addFuel').click();\ncy.get('#addExpenseLiters').should('be.visible');",
              "err": {},
              "uuid": "8059ba6b-86b9-4065-9e08-521aac6fdfc5",
              "parentUUID": "7d3181b7-b8f7-4882-965c-00e2e64cbf63",
              "isHook": false,
              "skipped": false
            },
            {
              "title": "Total cost input is visible",
              "fullTitle": "Add car and expenses Total cost input is visible",
              "timedOut": null,
              "duration": 2005,
              "state": "passed",
              "speed": "fast",
              "pass": true,
              "fail": false,
              "pending": false,
              "context": null,
              "code": "cy.get(':nth-child(1) > app-car > .car > .car-heading > .car_actions > .car_add-expense').as('addFuel');\ncy.get('@addFuel').click();\ncy.get('#addExpenseTotalCost').should('be.visible');",
              "err": {},
              "uuid": "b63d99cb-172d-4fe4-9b4b-6543f5394e6e",
              "parentUUID": "7d3181b7-b8f7-4882-965c-00e2e64cbf63",
              "isHook": false,
              "skipped": false
            },
            {
              "title": "Button \"Add\" is disabled by default in modal fuel",
              "fullTitle": "Add car and expenses Button \"Add\" is disabled by default in modal fuel",
              "timedOut": null,
              "duration": 2244,
              "state": "passed",
              "speed": "fast",
              "pass": true,
              "fail": false,
              "pending": false,
              "context": null,
              "code": "cy.get(':nth-child(1) > app-car > .car > .car-heading > .car_actions > .car_add-expense').as('addFuel');\ncy.get('@addFuel').click();\ncy.get('.modal-footer > .btn-primary').should('be.disabled');",
              "err": {},
              "uuid": "a19cae6c-0e34-42db-acca-b891fa8ca9ff",
              "parentUUID": "7d3181b7-b8f7-4882-965c-00e2e64cbf63",
              "isHook": false,
              "skipped": false
            },
            {
              "title": "Modal window has button \"X\"",
              "fullTitle": "Add car and expenses Modal window has button \"X\"",
              "timedOut": null,
              "duration": 1956,
              "state": "passed",
              "speed": "fast",
              "pass": true,
              "fail": false,
              "pending": false,
              "context": null,
              "code": "cy.get(':nth-child(1) > app-car > .car > .car-heading > .car_actions > .car_add-expense').as('addFuel');\ncy.get('@addFuel').click();\ncy.get('.close').should('be.visible');",
              "err": {},
              "uuid": "27749c91-5e97-4a0f-9d15-1ed801b14dc0",
              "parentUUID": "7d3181b7-b8f7-4882-965c-00e2e64cbf63",
              "isHook": false,
              "skipped": false
            },
            {
              "title": "Modal window has button \"Cancel\"",
              "fullTitle": "Add car and expenses Modal window has button \"Cancel\"",
              "timedOut": null,
              "duration": 2228,
              "state": "passed",
              "speed": "fast",
              "pass": true,
              "fail": false,
              "pending": false,
              "context": null,
              "code": "cy.get(':nth-child(1) > app-car > .car > .car-heading > .car_actions > .car_add-expense').as('addFuel');\ncy.get('@addFuel').click();\ncy.get('.close').should('be.visible');",
              "err": {},
              "uuid": "5448c719-136f-4d8d-8c38-3bde0ab0df9b",
              "parentUUID": "7d3181b7-b8f7-4882-965c-00e2e64cbf63",
              "isHook": false,
              "skipped": false
            },
            {
              "title": "Data-piker Date is require",
              "fullTitle": "Add car and expenses Data-piker Date is require",
              "timedOut": null,
              "duration": 2078,
              "state": "passed",
              "speed": "fast",
              "pass": true,
              "fail": false,
              "pending": false,
              "context": null,
              "code": "cy.get(':nth-child(1) > app-car > .car > .car-heading > .car_actions > .car_add-expense').as('addFuel');\ncy.get('@addFuel').click();\ncy.get('#addExpenseDate').clear();\ncy.get('.modal-footer > .btn-primary').should('be.disabled');",
              "err": {},
              "uuid": "32e3e0bd-d03f-43b2-ba87-ce7c1fe2c56d",
              "parentUUID": "7d3181b7-b8f7-4882-965c-00e2e64cbf63",
              "isHook": false,
              "skipped": false
            },
            {
              "title": "Mileage input is require",
              "fullTitle": "Add car and expenses Mileage input is require",
              "timedOut": null,
              "duration": 2497,
              "state": "passed",
              "speed": "fast",
              "pass": true,
              "fail": false,
              "pending": false,
              "context": null,
              "code": "cy.get(':nth-child(1) > app-car > .car > .car-heading > .car_actions > .car_add-expense').as('addFuel');\ncy.get('@addFuel').click();\ncy.get('#addExpenseMileage').clear();\ncy.get('.modal-footer').click();\ncy.get('.invalid-feedback').should('have.text', 'Mileage required').and('have.css', 'color', 'rgb(220, 53, 69)').and('have.css', 'border-color', 'rgb(220, 53, 69)');",
              "err": {},
              "uuid": "9c783b1a-92f8-4c05-8bec-a62fed54b28d",
              "parentUUID": "7d3181b7-b8f7-4882-965c-00e2e64cbf63",
              "isHook": false,
              "skipped": false
            },
            {
              "title": "\"Miliage\" has error",
              "fullTitle": "Add car and expenses \"Miliage\" has error",
              "timedOut": null,
              "duration": 2311,
              "state": "passed",
              "speed": "fast",
              "pass": true,
              "fail": false,
              "pending": false,
              "context": null,
              "code": "cy.get(':nth-child(1) > app-car > .car > .car-heading > .car_actions > .car_add-expense').as('addFuel');\ncy.get('@addFuel').click();\ncy.get('#addExpenseMileage').clear().type('-1');\ncy.get('.modal-footer').click();\ncy.get('.invalid-feedback').should('have.text', 'Mileage has to be from 0 to 999999').and('have.css', 'color', 'rgb(220, 53, 69)').and('have.css', 'border-color', 'rgb(220, 53, 69)');",
              "err": {},
              "uuid": "e26daeb2-7d23-4057-8991-aad528945af1",
              "parentUUID": "7d3181b7-b8f7-4882-965c-00e2e64cbf63",
              "isHook": false,
              "skipped": false
            },
            {
              "title": "\"Miliage\" has error",
              "fullTitle": "Add car and expenses \"Miliage\" has error",
              "timedOut": null,
              "duration": 2640,
              "state": "passed",
              "speed": "fast",
              "pass": true,
              "fail": false,
              "pending": false,
              "context": null,
              "code": "cy.get(':nth-child(1) > app-car > .car > .car-heading > .car_actions > .car_add-expense').as('addFuel');\ncy.get('@addFuel').click();\ncy.get('#addExpenseMileage').clear().type('1000000');\ncy.get('.modal-footer').click();\ncy.get('.invalid-feedback').should('have.text', 'Mileage has to be from 0 to 999999').and('have.css', 'color', 'rgb(220, 53, 69)').and('have.css', 'border-color', 'rgb(220, 53, 69)');",
              "err": {},
              "uuid": "2b163f1c-f567-48ad-bdb4-cab3a5787b4f",
              "parentUUID": "7d3181b7-b8f7-4882-965c-00e2e64cbf63",
              "isHook": false,
              "skipped": false
            },
            {
              "title": "Number of liters input is require",
              "fullTitle": "Add car and expenses Number of liters input is require",
              "timedOut": null,
              "duration": 2209,
              "state": "passed",
              "speed": "fast",
              "pass": true,
              "fail": false,
              "pending": false,
              "context": null,
              "code": "cy.get(':nth-child(1) > app-car > .car > .car-heading > .car_actions > .car_add-expense').as('addFuel');\ncy.get('@addFuel').click();\ncy.get('#addExpenseLiters').clear();\ncy.get('.modal-footer').click();\ncy.get('.invalid-feedback').should('have.text', 'Liters required').and('have.css', 'color', 'rgb(220, 53, 69)').and('have.css', 'border-color', 'rgb(220, 53, 69)');",
              "err": {},
              "uuid": "0240a0e6-9725-4a2c-8dd4-a066da16379d",
              "parentUUID": "7d3181b7-b8f7-4882-965c-00e2e64cbf63",
              "isHook": false,
              "skipped": false
            },
            {
              "title": "Number of liters input error",
              "fullTitle": "Add car and expenses Number of liters input error",
              "timedOut": null,
              "duration": 2650,
              "state": "passed",
              "speed": "fast",
              "pass": true,
              "fail": false,
              "pending": false,
              "context": null,
              "code": "cy.get(':nth-child(1) > app-car > .car > .car-heading > .car_actions > .car_add-expense').as('addFuel');\ncy.get('@addFuel').click();\ncy.get('#addExpenseLiters').clear().type('0.009');\ncy.get('.modal-footer').click();\ncy.get('.invalid-feedback').should('have.text', 'Liters has to be from 0.01 to 9999').and('have.css', 'color', 'rgb(220, 53, 69)').and('have.css', 'border-color', 'rgb(220, 53, 69)');",
              "err": {},
              "uuid": "83b1f996-cf8a-41e8-84bf-dbc9dc42a94a",
              "parentUUID": "7d3181b7-b8f7-4882-965c-00e2e64cbf63",
              "isHook": false,
              "skipped": false
            },
            {
              "title": "Number of liters input error",
              "fullTitle": "Add car and expenses Number of liters input error",
              "timedOut": null,
              "duration": 2269,
              "state": "passed",
              "speed": "fast",
              "pass": true,
              "fail": false,
              "pending": false,
              "context": null,
              "code": "cy.get(':nth-child(1) > app-car > .car > .car-heading > .car_actions > .car_add-expense').as('addFuel');\ncy.get('@addFuel').click();\ncy.get('#addExpenseLiters').clear().type('10000');\ncy.get('.modal-footer').click();\ncy.get('.invalid-feedback').should('have.text', 'Liters has to be from 0.01 to 9999').and('have.css', 'color', 'rgb(220, 53, 69)').and('have.css', 'border-color', 'rgb(220, 53, 69)');",
              "err": {},
              "uuid": "76713bf8-39da-4802-9433-0d99cad2c6f1",
              "parentUUID": "7d3181b7-b8f7-4882-965c-00e2e64cbf63",
              "isHook": false,
              "skipped": false
            },
            {
              "title": "Total cost input is require",
              "fullTitle": "Add car and expenses Total cost input is require",
              "timedOut": null,
              "duration": 2477,
              "state": "passed",
              "speed": "fast",
              "pass": true,
              "fail": false,
              "pending": false,
              "context": null,
              "code": "cy.get(':nth-child(1) > app-car > .car > .car-heading > .car_actions > .car_add-expense').as('addFuel');\ncy.get('@addFuel').click();\ncy.get('#addExpenseTotalCost').clear();\ncy.get('.modal-footer').click();\ncy.get('.invalid-feedback').should('have.text', 'Total cost required').and('have.css', 'color', 'rgb(220, 53, 69)').and('have.css', 'border-color', 'rgb(220, 53, 69)');",
              "err": {},
              "uuid": "5c7192b5-b28a-4bc8-b938-a2a9c3b0c954",
              "parentUUID": "7d3181b7-b8f7-4882-965c-00e2e64cbf63",
              "isHook": false,
              "skipped": false
            },
            {
              "title": "Total cost input is invalid",
              "fullTitle": "Add car and expenses Total cost input is invalid",
              "timedOut": null,
              "duration": 2261,
              "state": "passed",
              "speed": "fast",
              "pass": true,
              "fail": false,
              "pending": false,
              "context": null,
              "code": "cy.get(':nth-child(1) > app-car > .car > .car-heading > .car_actions > .car_add-expense').as('addFuel');\ncy.get('@addFuel').click();\ncy.get('#addExpenseTotalCost').clear().type('0.009');\ncy.get('.modal-footer').click();\ncy.get('.invalid-feedback').should('have.text', 'Total cost has to be from 0.01 to 1000000').and('have.css', 'color', 'rgb(220, 53, 69)').and('have.css', 'border-color', 'rgb(220, 53, 69)');",
              "err": {},
              "uuid": "8914d257-545e-4488-b5c1-c80020640a02",
              "parentUUID": "7d3181b7-b8f7-4882-965c-00e2e64cbf63",
              "isHook": false,
              "skipped": false
            },
            {
              "title": "Total cost input is invalid",
              "fullTitle": "Add car and expenses Total cost input is invalid",
              "timedOut": null,
              "duration": 2633,
              "state": "passed",
              "speed": "fast",
              "pass": true,
              "fail": false,
              "pending": false,
              "context": null,
              "code": "cy.get(':nth-child(1) > app-car > .car > .car-heading > .car_actions > .car_add-expense').as('addFuel');\ncy.get('@addFuel').click();\ncy.get('#addExpenseTotalCost').clear().type('1000001');\ncy.get('.modal-footer').click();\ncy.get('.invalid-feedback').should('have.text', 'Total cost has to be from 0.01 to 1000000').and('have.css', 'color', 'rgb(220, 53, 69)').and('have.css', 'border-color', 'rgb(220, 53, 69)');",
              "err": {},
              "uuid": "0ea8ff40-1bdb-44d2-9042-9bc973737147",
              "parentUUID": "7d3181b7-b8f7-4882-965c-00e2e64cbf63",
              "isHook": false,
              "skipped": false
            },
            {
              "title": "Add expence to new car",
              "fullTitle": "Add car and expenses Add expence to new car",
              "timedOut": null,
              "duration": 2793,
              "state": "passed",
              "speed": "fast",
              "pass": true,
              "fail": false,
              "pending": false,
              "context": null,
              "code": "cy.get(':nth-child(1) > app-car > .car > .car-heading > .car_actions > .car_add-expense').as('addFuel');\ncy.get('@addFuel').click();\ncy.get('#addExpenseCar').select(0);\ncy.get('#addExpenseMileage').clear().type('100');\ncy.get('#addExpenseLiters').type('20');\ncy.get('#addExpenseTotalCost').type('120');\ncy.get('.modal-footer > .btn-primary').click();\ncy.url().should('include', '/panel/expenses');",
              "err": {},
              "uuid": "c8dcde4a-a22a-466a-9ace-caff3090fd70",
              "parentUUID": "7d3181b7-b8f7-4882-965c-00e2e64cbf63",
              "isHook": false,
              "skipped": false
            }
          ],
          "suites": [],
          "passes": [
            "e91c4b3a-6f33-430c-afe2-061af4486102",
            "af15ccc6-4a5b-4188-ae2e-a6ddb257daef",
            "02734c77-de20-4223-9c24-7cc15a24351b",
            "b42218f2-9394-4a61-bd6d-8acd0a29ab12",
            "46239a4e-3386-4dfe-bd5d-e23ae429dcc1",
            "4b7fd34c-c1d1-465b-b8bc-a082a4cfb842",
            "e2e77e46-fbe8-47ea-b996-7371fe30c34e",
            "180f7e59-9548-4c58-a583-8cbdf332cbcc",
            "b64617a2-f4a2-442c-b4da-5ae2e64b35a6",
            "51854006-e5c0-425e-8f61-0305e747a2f9",
            "8cf48e1e-642b-468a-8db4-929065fb396e",
            "ece4257a-40c4-4893-8cdf-7b099c9fab11",
            "9b5618c0-beac-4d3f-9e5f-a54c7b626a75",
            "fc32b0ff-d1d2-4618-be76-c7fdd5993922",
            "5a84ca3f-1a0c-4426-aca2-24dfa039c118",
            "8aa8253b-3318-4bd7-9ff4-5e74d1eadae2",
            "6d9ab926-b04b-428f-82ec-72525d830999",
            "ce65c009-7172-4150-8472-5a11839564f9",
            "a26ac2d7-eea2-4300-bd08-6d0f22493448",
            "50800603-f3ad-476d-9700-1a7de8344170",
            "de6f193e-936a-4226-a46d-fa793abace24",
            "8059ba6b-86b9-4065-9e08-521aac6fdfc5",
            "b63d99cb-172d-4fe4-9b4b-6543f5394e6e",
            "a19cae6c-0e34-42db-acca-b891fa8ca9ff",
            "27749c91-5e97-4a0f-9d15-1ed801b14dc0",
            "5448c719-136f-4d8d-8c38-3bde0ab0df9b",
            "32e3e0bd-d03f-43b2-ba87-ce7c1fe2c56d",
            "9c783b1a-92f8-4c05-8bec-a62fed54b28d",
            "e26daeb2-7d23-4057-8991-aad528945af1",
            "2b163f1c-f567-48ad-bdb4-cab3a5787b4f",
            "0240a0e6-9725-4a2c-8dd4-a066da16379d",
            "83b1f996-cf8a-41e8-84bf-dbc9dc42a94a",
            "76713bf8-39da-4802-9433-0d99cad2c6f1",
            "5c7192b5-b28a-4bc8-b938-a2a9c3b0c954",
            "8914d257-545e-4488-b5c1-c80020640a02",
            "0ea8ff40-1bdb-44d2-9042-9bc973737147",
            "c8dcde4a-a22a-466a-9ace-caff3090fd70"
          ],
          "failures": [],
          "pending": [],
          "skipped": [],
          "duration": 85388,
          "root": false,
          "rootEmpty": false,
          "_timeout": 2000
        }
      ],
      "passes": [],
      "failures": [],
      "pending": [],
      "skipped": [],
      "duration": 0,
      "root": true,
      "rootEmpty": true,
      "_timeout": 2000
    }
  ],
  "meta": {
    "mocha": {
      "version": "7.0.1"
    },
    "mochawesome": {
      "options": {
        "quiet": false,
        "reportFilename": "mochawesome",
        "saveHtml": true,
        "saveJson": true,
        "consoleReporter": "spec",
        "useInlineDiffs": false,
        "code": true
      },
      "version": "7.1.3"
    },
    "marge": {
      "options": {
        "reportDir": "cypress/reports",
        "overwrite": false,
        "html": true,
        "json": true
      },
      "version": "6.2.0"
    }
  }
}